2024-06-26 09:31:53,122 - custom_logger - INFO - Custom logger module initialized.
2024-06-26 09:31:54,295 - custom_logger - INFO - Parent folder: C:\Users\lenov\OneDrive\Documents\wine_quality
2024-06-26 09:31:54,295 - custom_logger - INFO - >>>>> stage Data Ingestion stage started <<<<<
2024-06-26 09:31:54,295 - custom_logger - INFO - yaml file: src\config.yaml loaded successfully
2024-06-26 09:31:54,295 - custom_logger - INFO - yaml file: src\models\params.yaml loaded successfully
2024-06-26 09:31:54,295 - custom_logger - INFO - yaml file: src\data\schema.yaml loaded successfully
2024-06-26 09:31:54,295 - custom_logger - INFO - created directory at: data/raw
2024-06-26 09:31:56,442 - custom_logger - INFO - data/raw/data.zip download! With following info: 
Connection: close
Content-Length: 23329
Cache-Control: max-age=300
Content-Security-Policy: default-src 'none'; style-src 'unsafe-inline'; sandbox
Content-Type: application/zip
ETag: "c69888a4ae59bc5a893392785a938ccd4937981c06ba8a9d6a21aa52b4ab5b6e"
Strict-Transport-Security: max-age=31536000
X-Content-Type-Options: nosniff
X-Frame-Options: deny
X-XSS-Protection: 1; mode=block
X-GitHub-Request-Id: 5134:2EE21C:D011BD:DAFD95:667BC3E9
Accept-Ranges: bytes
Date: Wed, 26 Jun 2024 07:31:54 GMT
Via: 1.1 varnish
X-Served-By: cache-par-lfpg1960055-PAR
X-Cache: MISS
X-Cache-Hits: 0
X-Timer: S1719387114.012083,VS0,VE165
Vary: Authorization,Accept-Encoding,Origin
Access-Control-Allow-Origin: *
Cross-Origin-Resource-Policy: cross-origin
X-Fastly-Request-ID: c9a5fdc338ec98b0ec193099bd8d01516b7bcd4e
Expires: Wed, 26 Jun 2024 07:36:54 GMT
Source-Age: 0


2024-06-26 09:31:56,448 - custom_logger - INFO - >>>>> stage Data Ingestion stage completed <<<<<

x=======x
